<?xml version="1.0" encoding="UTF-8"?>
<testsuite name="repository.HotelKuzcoRepositoryTest" tests="1" skipped="0" failures="0" errors="0" timestamp="2020-04-23T09:01:21" hostname="AMAC02ZG3J3LVDQ" time="0.073">
  <properties/>
  <testcase name="getRoomsInformations" classname="repository.HotelKuzcoRepositoryTest" time="0.073"/>
  <system-out><![CDATA[]]></system-out>
  <system-err><![CDATA[]]></system-err>
</testsuite>
